Starting detailed documentation generation at  2 Şub 2026 Pts +03 19:34:23
Processing: gfx-airdrop
  Completed: gfx-airdrop
Processing: gfx-attachment-remake
  Completed: gfx-attachment-remake
Processing: gfx-banking
  Completed: gfx-banking
Processing: gfx-chat
  Completed: gfx-chat
Processing: gfx-cowjob
  Completed: gfx-cowjob
Processing: gfx-crafting_aty
  Completed: gfx-crafting_aty
Processing: gfx-dailygift
  Completed: gfx-dailygift
Processing: gfx-deathcamv2
  Completed: gfx-deathcamv2
Processing: gfx-dialog
  Completed: gfx-dialog
Processing: gfx-dui-lb
  Completed: gfx-dui-lb
Processing: gfx-effects
  Completed: gfx-effects
Processing: gfx-emp
  Completed: gfx-emp
Processing: gfx-garage
  Completed: gfx-garage
Processing: gfx-gps
  Completed: gfx-gps
Processing: gfx-gunmenu
  Completed: gfx-gunmenu
Processing: gfx-hacker
  Completed: gfx-hacker
Processing: gfx-help
  Completed: gfx-help
Processing: gfx-hitmarker
  Completed: gfx-hitmarker
Processing: gfx-housecleaning
  Completed: gfx-housecleaning
Processing: gfx-hud_aty
  Completed: gfx-hud_aty
Processing: gfx-killfeed
  Completed: gfx-killfeed
Processing: gfx-kit
  Completed: gfx-kit
Processing: gfx-loading
  Completed: gfx-loading
Processing: gfx-loadingscreen_aty
  Completed: gfx-loadingscreen_aty
Processing: gfx-loadingscreen_aty-2
  Completed: gfx-loadingscreen_aty-2
Processing: gfx-lootbag
  Completed: gfx-lootbag
Processing: gfx-lowrider
  Completed: gfx-lowrider
Processing: gfx-marker
  Completed: gfx-marker
Processing: gfx-marketplace
  Completed: gfx-marketplace
Processing: gfx-multichar
  Completed: gfx-multichar
Processing: gfx-notify
  Completed: gfx-notify
Processing: gfx-pausemenu
  Completed: gfx-pausemenu
Processing: gfx-pilotjob
  Completed: gfx-pilotjob
Processing: gfx-propspawner
  Completed: gfx-propspawner
Processing: gfx-radio
  Completed: gfx-radio
Processing: gfx-redzone
  Completed: gfx-redzone
Processing: gfx-secondhand
  Completed: gfx-secondhand
Processing: gfx-shop
  Completed: gfx-shop
Processing: gfx-spawnselector
  Completed: gfx-spawnselector
Processing: gfx-stormbreaker
  Completed: gfx-stormbreaker
Processing: gfx-tabu
  Completed: gfx-tabu
Processing: gfx-trade
  Completed: gfx-trade
Processing: gfx-truthordare
  Completed: gfx-truthordare
Processing: gfx-vehicleitems
  Completed: gfx-vehicleitems
Processing: gfx-vehicleshop
  Completed: gfx-vehicleshop
Detailed documentation generation completed at  2 Şub 2026 Pts +03 19:37:46
