Starting documentation generation at  2 Şub 2026 Pts +03 19:22:03
Processing: gfx-airdrop
  Created: /Users/talhahasimosmanoglu/gfx-docs/scripts/gfx-airdrop.md
Processing: gfx-attachment-remake
  Created: /Users/talhahasimosmanoglu/gfx-docs/scripts/gfx-attachment-remake.md
Processing: gfx-banking
  Created: /Users/talhahasimosmanoglu/gfx-docs/scripts/gfx-banking.md
Processing: gfx-chat
  Created: /Users/talhahasimosmanoglu/gfx-docs/scripts/gfx-chat.md
Processing: gfx-cowjob
  Created: /Users/talhahasimosmanoglu/gfx-docs/scripts/gfx-cowjob.md
Processing: gfx-crafting_aty
  Created: /Users/talhahasimosmanoglu/gfx-docs/scripts/gfx-crafting_aty.md
Processing: gfx-dailygift
  Created: /Users/talhahasimosmanoglu/gfx-docs/scripts/gfx-dailygift.md
Processing: gfx-deathcamv2
  Created: /Users/talhahasimosmanoglu/gfx-docs/scripts/gfx-deathcamv2.md
Processing: gfx-dialog
  Created: /Users/talhahasimosmanoglu/gfx-docs/scripts/gfx-dialog.md
Processing: gfx-dui-lb
  Created: /Users/talhahasimosmanoglu/gfx-docs/scripts/gfx-dui-lb.md
Processing: gfx-effects
  Created: /Users/talhahasimosmanoglu/gfx-docs/scripts/gfx-effects.md
Processing: gfx-emp
  Created: /Users/talhahasimosmanoglu/gfx-docs/scripts/gfx-emp.md
Processing: gfx-garage
  Created: /Users/talhahasimosmanoglu/gfx-docs/scripts/gfx-garage.md
Processing: gfx-gps
  Created: /Users/talhahasimosmanoglu/gfx-docs/scripts/gfx-gps.md
Processing: gfx-gunmenu
  Created: /Users/talhahasimosmanoglu/gfx-docs/scripts/gfx-gunmenu.md
Processing: gfx-hacker
  Created: /Users/talhahasimosmanoglu/gfx-docs/scripts/gfx-hacker.md
Processing: gfx-help
  Created: /Users/talhahasimosmanoglu/gfx-docs/scripts/gfx-help.md
Processing: gfx-hitmarker
  Created: /Users/talhahasimosmanoglu/gfx-docs/scripts/gfx-hitmarker.md
Processing: gfx-housecleaning
  Created: /Users/talhahasimosmanoglu/gfx-docs/scripts/gfx-housecleaning.md
Processing: gfx-hud_aty
  Created: /Users/talhahasimosmanoglu/gfx-docs/scripts/gfx-hud_aty.md
Processing: gfx-killfeed
  Created: /Users/talhahasimosmanoglu/gfx-docs/scripts/gfx-killfeed.md
Processing: gfx-kit
  Created: /Users/talhahasimosmanoglu/gfx-docs/scripts/gfx-kit.md
Processing: gfx-loading
  Created: /Users/talhahasimosmanoglu/gfx-docs/scripts/gfx-loading.md
Processing: gfx-loadingscreen_aty
  Created: /Users/talhahasimosmanoglu/gfx-docs/scripts/gfx-loadingscreen_aty.md
Processing: gfx-loadingscreen_aty-2
  Created: /Users/talhahasimosmanoglu/gfx-docs/scripts/gfx-loadingscreen_aty-2.md
Processing: gfx-lootbag
  Created: /Users/talhahasimosmanoglu/gfx-docs/scripts/gfx-lootbag.md
Processing: gfx-lowrider
  Created: /Users/talhahasimosmanoglu/gfx-docs/scripts/gfx-lowrider.md
Processing: gfx-marker
  Created: /Users/talhahasimosmanoglu/gfx-docs/scripts/gfx-marker.md
Processing: gfx-marketplace
  Created: /Users/talhahasimosmanoglu/gfx-docs/scripts/gfx-marketplace.md
Processing: gfx-multichar
  Created: /Users/talhahasimosmanoglu/gfx-docs/scripts/gfx-multichar.md
Processing: gfx-notify
  Created: /Users/talhahasimosmanoglu/gfx-docs/scripts/gfx-notify.md
Processing: gfx-pausemenu
  Created: /Users/talhahasimosmanoglu/gfx-docs/scripts/gfx-pausemenu.md
Processing: gfx-pilotjob
  Created: /Users/talhahasimosmanoglu/gfx-docs/scripts/gfx-pilotjob.md
Processing: gfx-propspawner
  Created: /Users/talhahasimosmanoglu/gfx-docs/scripts/gfx-propspawner.md
Processing: gfx-radio
  Created: /Users/talhahasimosmanoglu/gfx-docs/scripts/gfx-radio.md
Processing: gfx-redzone
  Created: /Users/talhahasimosmanoglu/gfx-docs/scripts/gfx-redzone.md
Processing: gfx-secondhand
  Created: /Users/talhahasimosmanoglu/gfx-docs/scripts/gfx-secondhand.md
Processing: gfx-shop
  Created: /Users/talhahasimosmanoglu/gfx-docs/scripts/gfx-shop.md
Processing: gfx-spawnselector
  Created: /Users/talhahasimosmanoglu/gfx-docs/scripts/gfx-spawnselector.md
Processing: gfx-stormbreaker
  Created: /Users/talhahasimosmanoglu/gfx-docs/scripts/gfx-stormbreaker.md
Processing: gfx-tabu
  Created: /Users/talhahasimosmanoglu/gfx-docs/scripts/gfx-tabu.md
Processing: gfx-trade
  Created: /Users/talhahasimosmanoglu/gfx-docs/scripts/gfx-trade.md
Processing: gfx-truthordare
  Created: /Users/talhahasimosmanoglu/gfx-docs/scripts/gfx-truthordare.md
Processing: gfx-vehicleitems
  Created: /Users/talhahasimosmanoglu/gfx-docs/scripts/gfx-vehicleitems.md
Processing: gfx-vehicleshop
  Created: /Users/talhahasimosmanoglu/gfx-docs/scripts/gfx-vehicleshop.md
Documentation generation completed at  2 Şub 2026 Pts +03 19:23:16
